0 info it worked if it ends with ok
1 verbose cli [ 'node', '/usr/local/bin/npm', 'install', 'libpng-dev' ]
2 info using npm@2.0.0
3 info using node@v0.10.32
4 warn package.json karma-chrome-launcher@0.1.4 No README data
5 warn package.json karma-coffee-preprocessor@0.2.1 No README data
6 warn package.json karma-phantomjs-launcher@0.1.4 No README data
7 verbose readDependencies using package.json deps
8 verbose cache add [ 'libpng-dev', null ]
9 verbose cache add spec="libpng-dev" args=["libpng-dev",null]
10 verbose parsed spec { raw: 'libpng-dev',
10 verbose parsed spec   scope: null,
10 verbose parsed spec   name: 'libpng-dev',
10 verbose parsed spec   rawSpec: '',
10 verbose parsed spec   spec: '*',
10 verbose parsed spec   type: 'range' }
11 verbose parsed spec { raw: 'libpng-dev',
11 verbose parsed spec   scope: null,
11 verbose parsed spec   name: 'libpng-dev',
11 verbose parsed spec   rawSpec: '',
11 verbose parsed spec   spec: '*',
11 verbose parsed spec   type: 'range' }
12 verbose addNamed [ 'libpng-dev', '*' ]
13 verbose addNamed [ null, '*' ]
14 silly lockFile 4c26fd34-libpng-dev libpng-dev@*
15 verbose lock libpng-dev@* /Users/victorialee/.npm/4c26fd34-libpng-dev.lock
16 silly addNameRange { name: 'libpng-dev', range: '*', hasData: false }
17 verbose mapToRegistry name libpng-dev
18 verbose mapToRegistry uri https://registry.npmjs.org/libpng-dev
19 verbose request on initialization, where is /libpng-dev
20 verbose request after pass 1, where is /libpng-dev
21 verbose request url raw /libpng-dev
22 verbose request resolving registry [ 'https://registry.npmjs.org/', './libpng-dev' ]
23 verbose request after pass 2, where is https://registry.npmjs.org/libpng-dev
24 verbose request no auth needed
25 info attempt registry request try #1 at 16:33:15
26 verbose request id a41dd3751e1daea7
27 http request GET https://registry.npmjs.org/libpng-dev
28 http 404 https://registry.npmjs.org/libpng-dev
29 verbose headers { date: 'Tue, 23 Sep 2014 23:33:19 GMT',
29 verbose headers   server: 'CouchDB/1.5.0 (Erlang OTP/R14B04)',
29 verbose headers   'content-type': 'application/json',
29 verbose headers   'cache-control': 'max-age=0',
29 verbose headers   'content-length': '52',
29 verbose headers   'accept-ranges': 'bytes',
29 verbose headers   via: '1.1 varnish',
29 verbose headers   age: '0',
29 verbose headers   'x-served-by': 'cache-lax1431-LAX',
29 verbose headers   'x-cache': 'MISS',
29 verbose headers   'x-cache-hits': '0',
29 verbose headers   'x-timer': 'S1411515199.650493,VS0,VE90',
29 verbose headers   'keep-alive': 'timeout=10, max=50',
29 verbose headers   connection: 'Keep-Alive' }
30 silly registry.get cb [ 404,
30 silly registry.get   { date: 'Tue, 23 Sep 2014 23:33:19 GMT',
30 silly registry.get     server: 'CouchDB/1.5.0 (Erlang OTP/R14B04)',
30 silly registry.get     'content-type': 'application/json',
30 silly registry.get     'cache-control': 'max-age=0',
30 silly registry.get     'content-length': '52',
30 silly registry.get     'accept-ranges': 'bytes',
30 silly registry.get     via: '1.1 varnish',
30 silly registry.get     age: '0',
30 silly registry.get     'x-served-by': 'cache-lax1431-LAX',
30 silly registry.get     'x-cache': 'MISS',
30 silly registry.get     'x-cache-hits': '0',
30 silly registry.get     'x-timer': 'S1411515199.650493,VS0,VE90',
30 silly registry.get     'keep-alive': 'timeout=10, max=50',
30 silly registry.get     connection: 'Keep-Alive' } ]
31 silly lockFile 4c26fd34-libpng-dev libpng-dev@*
32 silly lockFile 4c26fd34-libpng-dev libpng-dev@*
33 verbose stack Error: 404 Not Found: libpng-dev
33 verbose stack     at RegClient.<anonymous> (/usr/local/lib/node_modules/npm/node_modules/npm-registry-client/lib/request.js:259:14)
33 verbose stack     at Request._callback (/usr/local/lib/node_modules/npm/node_modules/npm-registry-client/lib/request.js:198:65)
33 verbose stack     at Request.self.callback (/usr/local/lib/node_modules/npm/node_modules/request/request.js:236:22)
33 verbose stack     at Request.emit (events.js:98:17)
33 verbose stack     at Request.<anonymous> (/usr/local/lib/node_modules/npm/node_modules/request/request.js:1142:14)
33 verbose stack     at Request.emit (events.js:117:20)
33 verbose stack     at IncomingMessage.<anonymous> (/usr/local/lib/node_modules/npm/node_modules/request/request.js:1096:12)
33 verbose stack     at IncomingMessage.emit (events.js:117:20)
33 verbose stack     at _stream_readable.js:943:16
33 verbose stack     at process._tickCallback (node.js:419:13)
34 verbose statusCode 404
35 verbose pkgid libpng-dev
36 verbose cwd /Users/victorialee/Documents/workspace/angularbp/TurnerApp
37 error Darwin 13.3.0
38 error argv "node" "/usr/local/bin/npm" "install" "libpng-dev"
39 error node v0.10.32
40 error npm  v2.0.0
41 error code E404
42 error 404 Not Found: libpng-dev
42 error 404
42 error 404 'libpng-dev' is not in the npm registry.
42 error 404 You should bug the author to publish it (or use the name yourself!)
42 error 404 It was specified as a dependency of 'turner-app'
42 error 404
42 error 404 Note that you can also install from a
42 error 404 tarball, folder, http url, or git url.
43 verbose exit [ 1, true ]
